<?xml version="1.0" encoding="UTF-8"?>
<!-- Generated by org.testng.reporters.JUnitXMLReporter -->
<testsuite hostname="Mahesh-PC" ignored="0" name="Sequential Execution Tests" tests="3" failures="1" timestamp="25 Jun 2018 12:40:20 GMT" time="55.204" errors="0">
  <testcase name="newToursLoginTest" time="5.304" classname="sampleTest.AmazonDropDownTest">
    <failure type="java.lang.AssertionError" message="Gmail links is working properly expected [Amazon.in: Harry Potter: Books] but found [Amazon.in: harry potter: Books]">
      <![CDATA[java.lang.AssertionError: Gmail links is working properly expected [Amazon.in: Harry Potter: Books] but found [Amazon.in: harry potter: Books]
at sampleTest.AmazonDropDownTest.newToursLoginTest(AmazonDropDownTest.java:35)
... Removed 30 stack frames]]>
    </failure>
  </testcase> <!-- newToursLoginTest -->
  <testcase name="newToursLoginTest" time="3.917" classname="sampleTest.GmailLinksVerify"/>
  <testcase name="facebookLoginTest" time="3.572" classname="sampleTest.FacebookLogin"/>
</testsuite> <!-- Sequential Execution Tests -->
